<?xml version="1.0" encoding="UTF-8"?>
<testng-results ignored="0" total="1" passed="1" failed="0" skipped="0">
  <reporter-output>
  </reporter-output>
  <suite started-at="2026-04-03T22:21:55 IST" name="Default suite" finished-at="2026-04-03T22:22:05 IST" duration-ms="9974">
    <groups>
    </groups>
    <test started-at="2026-04-03T22:21:55 IST" name="Default test" finished-at="2026-04-03T22:22:05 IST" duration-ms="9974">
      <class name="Demo">
        <test-method signature="test1()[pri:0, instance:Demo@33bc72d1]" started-at="2026-04-03T22:21:55 IST" name="test1" finished-at="2026-04-03T22:22:05 IST" duration-ms="9889" status="PASS">
          <reporter-output>
          </reporter-output>
        </test-method> <!-- test1 -->
      </class> <!-- Demo -->
    </test> <!-- Default test -->
  </suite> <!-- Default suite -->
</testng-results>
