<?xml version="1.0" encoding="UTF-8"?>
<testng-results ignored="0" total="1" passed="1" failed="0" skipped="0">
  <reporter-output>
  </reporter-output>
  <suite started-at="2026-03-29T00:17:52 IST" name="Default suite" finished-at="2026-03-29T00:17:52 IST" duration-ms="89">
    <groups>
    </groups>
    <test started-at="2026-03-29T00:17:52 IST" name="Default test" finished-at="2026-03-29T00:17:52 IST" duration-ms="89">
      <class name="Demo">
        <test-method signature="test1()[pri:0, instance:Demo@2eae8e6e]" started-at="2026-03-29T00:17:52 IST" name="test1" finished-at="2026-03-29T00:17:52 IST" duration-ms="18" status="PASS">
          <reporter-output>
          </reporter-output>
        </test-method> <!-- test1 -->
      </class> <!-- Demo -->
    </test> <!-- Default test -->
  </suite> <!-- Default suite -->
</testng-results>
